current directory: /home/lenovo/git/bundle/gems/ffi-1.9.22/ext/ffi_c
/home/lenovo/.rbenv/versions/2.3.1/bin/ruby -r ./siteconf20180224-5673-c8fg7h.rb extconf.rb
checking for ffi_call() in -lffi... yes
checking for ffi_closure_alloc()... yes
checking for ffi_raw_call()... yes
checking for ffi_prep_raw_closure()... yes
checking for shlwapi.h... no
checking for rb_thread_blocking_region()... no
checking for rb_thread_call_with_gvl()... yes
checking for rb_thread_call_without_gvl()... yes
checking for ffi_prep_cif_var()... yes
creating extconf.h
creating Makefile

To see why this extension failed to compile, please check the mkmf.log which can be found here:

  /home/lenovo/git/bundle/extensions/x86_64-linux/2.3.0-static/ffi-1.9.22/mkmf.log

current directory: /home/lenovo/git/bundle/gems/ffi-1.9.22/ext/ffi_c
make "DESTDIR=" clean

current directory: /home/lenovo/git/bundle/gems/ffi-1.9.22/ext/ffi_c
make "DESTDIR="
compiling MemoryPointer.c
compiling FunctionInfo.c
compiling StructLayout.c
compiling AbstractMemory.c
compiling MappedType.c
compiling Function.c
Function.c: In function ‘async_cb_event’:
Function.c:569:9: warning: implicit declaration of function ‘rb_thread_call_without_gvl’ [-Wimplicit-function-declaration]
         rb_thread_call_without_gvl(async_cb_wait, &w, async_cb_stop, &w);
         ^
compiling Types.c
compiling Struct.c
compiling MethodHandle.c
compiling Platform.c
compiling Type.c
compiling DynamicLibrary.c
compiling ArrayType.c
compiling LongDouble.c
compiling Pointer.c
compiling StructByValue.c
compiling Thread.c
compiling LastError.c
compiling Closure.c
compiling StructByReference.c
compiling Buffer.c
compiling Call.c
In file included from Call.h:36:0,
                 from Function.h:48,
                 from Call.c:57:
Call.c: In function ‘rbffi_do_blocking_call’:
Thread.h:78:39: warning: implicit declaration of function ‘rb_thread_call_without_gvl’ [-Wimplicit-function-declaration]
 # define rbffi_thread_blocking_region rb_thread_call_without_gvl
                                       ^
Call.c:334:5: note: in expansion of macro ‘rbffi_thread_blocking_region’
     rbffi_thread_blocking_region(call_blocking_function, data, (void *) -1, NULL);
     ^
compiling DataConverter.c
compiling ffi.c
compiling Variadic.c
linking shared-object ffi_c.so

current directory: /home/lenovo/git/bundle/gems/ffi-1.9.22/ext/ffi_c
make "DESTDIR=" install
/usr/bin/install -c -m 0755 ffi_c.so ./.gem.20180224-5673-x47eco
